{"level":"info","message":"[Server] Unique Investors API running on http://localhost:5000","timestamp":"2026-03-25 19:03:02"}
{"level":"info","message":"[Server] SIGINT received. Shutting down gracefully...","timestamp":"2026-03-25 20:24:30"}
{"level":"info","message":"[Server] Database disconnected. Goodbye.","timestamp":"2026-03-25 20:24:30"}
{"level":"info","message":"[Server] Unique Investors API running on http://localhost:5000","timestamp":"2026-03-25 20:24:34"}
{"level":"info","message":"[Server] SIGINT received. Shutting down gracefully...","timestamp":"2026-03-26 11:31:58"}
{"level":"info","message":"[Server] Database disconnected. Goodbye.","timestamp":"2026-03-26 11:31:58"}
{"level":"info","message":"[Server] Unique Investors API running on http://localhost:5000","timestamp":"2026-03-26 11:32:10"}
{"level":"info","message":"[Server] SIGINT received. Shutting down gracefully...","timestamp":"2026-03-26 11:32:32"}
{"level":"info","message":"[Server] Unique Investors API running on http://localhost:5000","timestamp":"2026-03-26 11:32:58"}
{"level":"info","message":"[Server] SIGINT received. Shutting down gracefully...","timestamp":"2026-03-26 11:33:33"}
{"level":"info","message":"[Server] Unique Investors API running on http://localhost:5000","timestamp":"2026-03-26 11:50:39"}
{"level":"info","message":"[Server] Unique Investors API running on http://localhost:5000","timestamp":"2026-03-26 11:51:20"}
{"level":"error","message":"[GlobalErrorHandler] Expected property name or '}' in JSON at position 1 (line 1 column 2)","stack":"SyntaxError: Expected property name or '}' in JSON at position 1 (line 1 column 2)\n    at JSON.parse (<anonymous>)\n    at parse (D:\\Unique Investors\\backend\\node_modules\\body-parser\\lib\\types\\json.js:72:19)\n    at D:\\Unique Investors\\backend\\node_modules\\body-parser\\lib\\read.js:162:18\n    at AsyncResource.runInAsyncScope (node:async_hooks:226:14)\n    at invokeCallback (D:\\Unique Investors\\backend\\node_modules\\raw-body\\index.js:238:16)\n    at done (D:\\Unique Investors\\backend\\node_modules\\raw-body\\index.js:227:7)\n    at IncomingMessage.onEnd (D:\\Unique Investors\\backend\\node_modules\\raw-body\\index.js:287:7)\n    at IncomingMessage.emit (node:events:508:20)\n    at endReadableNT (node:internal/streams/readable:1729:12)\n    at process.processTicksAndRejections (node:internal/process/task_queues:90:21)","timestamp":"2026-03-26 11:53:47"}
{"level":"info","message":"[Server] Unique Investors API running on http://localhost:5000","timestamp":"2026-03-26 11:55:17"}
{"level":"info","message":"[Server] Unique Investors API running on http://localhost:5000","timestamp":"2026-03-26 12:03:33"}
{"level":"info","message":"[Server] Unique Investors API running on http://localhost:5000","timestamp":"2026-03-26 12:06:25"}
{"level":"info","message":"[Server] Unique Investors API running on http://localhost:5000","timestamp":"2026-03-26 12:09:08"}
{"level":"info","message":"[Server] Unique Investors API running on http://localhost:5000","timestamp":"2026-03-26 12:17:55"}
{"level":"info","message":"[Server] SIGINT received. Shutting down gracefully...","timestamp":"2026-03-26 13:43:31"}
{"level":"info","message":"[Server] Database disconnected. Goodbye.","timestamp":"2026-03-26 13:43:31"}
{"level":"info","message":"[Server] Unique Investors API running on http://localhost:5000","timestamp":"2026-03-26 15:51:02"}
{"level":"info","message":"[Server] SIGINT received. Shutting down gracefully...","timestamp":"2026-03-26 16:00:25"}
{"level":"info","message":"[Server] Unique Investors API running on http://localhost:5000","timestamp":"2026-03-26 16:02:27"}
{"level":"info","message":"[Server] Unique Investors API running on http://localhost:5000","timestamp":"2026-03-26 16:08:36"}
{"level":"info","message":"[Server] Unique Investors API running on http://localhost:5000","timestamp":"2026-03-26 16:24:23"}
{"level":"info","message":"[Server] Unique Investors API running on http://localhost:5000","timestamp":"2026-03-26 16:31:37"}
{"level":"info","message":"[Server] SIGINT received. Shutting down gracefully...","timestamp":"2026-03-26 16:35:29"}
{"level":"info","message":"[Server] Database disconnected. Goodbye.","timestamp":"2026-03-26 16:35:29"}
{"level":"info","message":"[Server] Unique Investors API running on http://localhost:5000","timestamp":"2026-03-26 17:03:15"}
{"level":"info","message":"[Server] SIGINT received. Shutting down gracefully...","timestamp":"2026-03-26 17:20:04"}
{"level":"info","message":"[Server] Database disconnected. Goodbye.","timestamp":"2026-03-26 17:20:04"}
{"level":"info","message":"[Server] Unique Investors API running on http://localhost:5000","timestamp":"2026-03-26 17:20:10"}
{"level":"info","message":"[Server] SIGINT received. Shutting down gracefully...","timestamp":"2026-03-26 17:22:50"}
{"level":"info","message":"[Server] Database disconnected. Goodbye.","timestamp":"2026-03-26 17:22:50"}
{"level":"info","message":"[Server] Unique Investors API running on http://localhost:5000","timestamp":"2026-03-26 17:32:20"}
{"level":"info","message":"[Server] SIGINT received. Shutting down gracefully...","timestamp":"2026-03-26 17:58:09"}
{"level":"info","message":"[Server] Unique Investors API running on http://localhost:5000","timestamp":"2026-03-26 18:44:15"}
{"level":"info","message":"[Server] SIGINT received. Shutting down gracefully...","timestamp":"2026-03-26 19:22:16"}
{"level":"info","message":"[Server] Database disconnected. Goodbye.","timestamp":"2026-03-26 19:22:16"}
{"level":"info","message":"[Server] Unique Investors API running on http://localhost:5000","timestamp":"2026-03-26 19:25:23"}
{"level":"info","message":"[Server] Unique Investors API running on http://localhost:5000","timestamp":"2026-03-27 09:50:28"}
{"level":"info","message":"[Server] SIGINT received. Shutting down gracefully...","timestamp":"2026-03-27 09:58:55"}
{"level":"info","message":"[Server] Database disconnected. Goodbye.","timestamp":"2026-03-27 09:58:55"}
{"level":"info","message":"[Server] Unique Investors API running on http://localhost:5000","timestamp":"2026-03-27 09:59:11"}
{"level":"info","message":"[Server] SIGINT received. Shutting down gracefully...","timestamp":"2026-03-27 10:04:53"}
{"level":"info","message":"[Server] Database disconnected. Goodbye.","timestamp":"2026-03-27 10:04:53"}
{"level":"warn","message":"[Redis] No REDIS_URL provided in environment. Application will run WITHOUT caching layer (All requests will hit PostgreSQL).","timestamp":"2026-03-27 10:05:54"}
{"level":"info","message":"[Server] Unique Investors API running on http://localhost:5000","timestamp":"2026-03-27 10:05:54"}
{"level":"info","message":"[Server] SIGINT received. Shutting down gracefully...","timestamp":"2026-03-27 10:10:50"}
{"level":"info","message":"[Server] Database disconnected. Goodbye.","timestamp":"2026-03-27 10:10:50"}
{"level":"warn","message":"[Redis] No REDIS_URL provided in environment. Application will run WITHOUT caching layer (All requests will hit PostgreSQL).","timestamp":"2026-03-27 10:11:06"}
{"level":"info","message":"[Worker] No REDIS_URL found. MLM Background Worker not started.","timestamp":"2026-03-27 10:11:06"}
{"level":"info","message":"[Server] Unique Investors API running on http://localhost:5000","timestamp":"2026-03-27 10:11:06"}
{"level":"info","message":"[Cache] No REDIS_URL found. Using native Node.js Memory Cache fallback.","timestamp":"2026-03-27 10:21:19"}
{"level":"info","message":"[Worker] No REDIS_URL found. MLM Background Worker not started.","timestamp":"2026-03-27 10:21:19"}
{"level":"info","message":"[Server] Unique Investors API running on http://localhost:5000","timestamp":"2026-03-27 10:21:19"}
{"level":"info","message":"[Server] SIGINT received. Shutting down gracefully...","timestamp":"2026-03-27 10:22:25"}
{"level":"info","message":"[Server] Database disconnected. Goodbye.","timestamp":"2026-03-27 10:22:25"}
{"level":"info","message":"[Cache] No REDIS_URL found. Using native Node.js Memory Cache fallback.","timestamp":"2026-03-27 10:22:32"}
{"level":"info","message":"[Worker] No REDIS_URL found. MLM Background Worker not started.","timestamp":"2026-03-27 10:22:32"}
{"level":"info","message":"[Server] Unique Investors API running on http://localhost:5000","timestamp":"2026-03-27 10:22:32"}
{"level":"info","message":"[Server] SIGINT received. Shutting down gracefully...","timestamp":"2026-03-27 10:27:27"}
{"level":"info","message":"[Server] Database disconnected. Goodbye.","timestamp":"2026-03-27 10:27:27"}
{"level":"info","message":"[Cache] No REDIS_URL found. Using native Node.js Memory Cache fallback.","timestamp":"2026-03-27 10:27:32"}
{"level":"info","message":"[Worker] No REDIS_URL found. MLM Background Worker not started.","timestamp":"2026-03-27 10:27:32"}
{"level":"info","message":"[Server] Unique Investors API running on http://localhost:5000","timestamp":"2026-03-27 10:27:32"}
{"level":"info","message":"[Server] SIGINT received. Shutting down gracefully...","timestamp":"2026-03-27 10:37:15"}
{"level":"info","message":"[Server] Database disconnected. Goodbye.","timestamp":"2026-03-27 10:37:15"}
{"level":"info","message":"[Cache] No REDIS_URL found. Using native Node.js Memory Cache fallback.","timestamp":"2026-03-27 10:37:20"}
{"level":"info","message":"[Worker] No REDIS_URL found. MLM Background Worker not started.","timestamp":"2026-03-27 10:37:20"}
{"level":"info","message":"[Server] Unique Investors API running on http://localhost:5000","timestamp":"2026-03-27 10:37:20"}
{"level":"info","message":"[Cache Warmer] Booting up cache pre-hydration routine...","timestamp":"2026-03-27 10:37:20"}
{"level":"info","message":"[Cache Warmer] Warming Admin Dashboard Stats...","timestamp":"2026-03-27 10:37:20"}
{"level":"info","message":"[Cache Warmer] Active! Admin Dashboard cached in RAM.","timestamp":"2026-03-27 10:37:27"}
{"level":"info","message":"[Cache Warmer] Warming Master Inventory Matrix...","timestamp":"2026-03-27 10:37:27"}
{"level":"info","message":"[Cache Warmer] Inventory successfully injected into node-RAM.","timestamp":"2026-03-27 10:37:29"}
{"level":"info","message":"[Cache] No REDIS_URL found. Using native Node.js Memory Cache fallback.","timestamp":"2026-03-27 10:38:58"}
{"level":"info","message":"[Worker] No REDIS_URL found. MLM Background Worker not started.","timestamp":"2026-03-27 10:38:58"}
{"level":"info","message":"[Server] Unique Investors API running on http://localhost:5000","timestamp":"2026-03-27 10:38:58"}
{"level":"info","message":"[Cache Warmer] Booting up cache pre-hydration routine...","timestamp":"2026-03-27 10:38:58"}
{"level":"info","message":"[Cache Warmer] Warming Admin Dashboard Stats...","timestamp":"2026-03-27 10:38:58"}
{"level":"info","message":"[Cache Warmer] Active! Admin Dashboard cached in RAM.","timestamp":"2026-03-27 10:39:04"}
{"level":"info","message":"[Cache Warmer] Warming Master Inventory Matrix...","timestamp":"2026-03-27 10:39:04"}
{"level":"info","message":"[Cache Warmer] Inventory successfully injected into node-RAM.","timestamp":"2026-03-27 10:39:07"}
{"level":"info","message":"[Cache] No REDIS_URL found. Using native Node.js Memory Cache fallback.","timestamp":"2026-03-27 10:39:52"}
{"level":"info","message":"[Worker] No REDIS_URL found. MLM Background Worker not started.","timestamp":"2026-03-27 10:39:52"}
{"level":"info","message":"[Server] Unique Investors API running on http://localhost:5000","timestamp":"2026-03-27 10:39:52"}
{"level":"info","message":"[Cache Warmer] Booting up cache pre-hydration routine...","timestamp":"2026-03-27 10:39:52"}
{"level":"info","message":"[Cache Warmer] Warming Admin Dashboard Stats...","timestamp":"2026-03-27 10:39:52"}
{"level":"info","message":"[Cache Warmer] Active! Admin Dashboard cached in RAM.","timestamp":"2026-03-27 10:39:59"}
{"level":"info","message":"[Cache Warmer] Warming Master Inventory Matrix...","timestamp":"2026-03-27 10:39:59"}
{"level":"info","message":"[Cache Warmer] Inventory successfully injected into node-RAM.","timestamp":"2026-03-27 10:40:01"}
{"level":"info","message":"[Cache] No REDIS_URL found. Using native Node.js Memory Cache fallback.","timestamp":"2026-03-27 10:41:21"}
{"level":"info","message":"[Worker] No REDIS_URL found. MLM Background Worker not started.","timestamp":"2026-03-27 10:41:21"}
{"level":"info","message":"[Server] Unique Investors API running on http://localhost:5000","timestamp":"2026-03-27 10:41:21"}
{"level":"info","message":"[Cache Warmer] Booting up cache pre-hydration routine...","timestamp":"2026-03-27 10:41:21"}
{"level":"info","message":"[Cache Warmer] Warming Admin Dashboard Stats...","timestamp":"2026-03-27 10:41:21"}
{"level":"info","message":"[Cache Warmer] Active! Admin Dashboard cached in RAM.","timestamp":"2026-03-27 10:41:27"}
{"level":"info","message":"[Cache Warmer] Warming Master Inventory Matrix...","timestamp":"2026-03-27 10:41:27"}
{"level":"info","message":"[Cache Warmer] Inventory successfully injected into node-RAM.","timestamp":"2026-03-27 10:41:30"}
{"level":"info","message":"[Cache] No REDIS_URL found. Using native Node.js Memory Cache fallback.","timestamp":"2026-03-27 10:43:09"}
{"level":"info","message":"[Worker] No REDIS_URL found. MLM Background Worker not started.","timestamp":"2026-03-27 10:43:09"}
{"level":"info","message":"[Server] Unique Investors API running on http://localhost:5000","timestamp":"2026-03-27 10:43:09"}
{"level":"info","message":"[Cache Warmer] Booting up cache pre-hydration routine...","timestamp":"2026-03-27 10:43:09"}
{"level":"info","message":"[Cache Warmer] Warming Admin Dashboard Stats...","timestamp":"2026-03-27 10:43:09"}
{"level":"info","message":"[Cache Warmer] Active! Admin Dashboard cached in RAM.","timestamp":"2026-03-27 10:43:15"}
{"level":"info","message":"[Cache Warmer] Warming Master Inventory Matrix...","timestamp":"2026-03-27 10:43:15"}
{"level":"info","message":"[Cache Warmer] Inventory successfully injected into node-RAM.","timestamp":"2026-03-27 10:43:18"}
{"level":"info","message":"[Cache] No REDIS_URL found. Using native Node.js Memory Cache fallback.","timestamp":"2026-03-27 10:49:49"}
{"level":"info","message":"[Worker] No REDIS_URL found. MLM Background Worker not started.","timestamp":"2026-03-27 10:49:49"}
{"level":"info","message":"[Server] Unique Investors API running on http://localhost:5000","timestamp":"2026-03-27 10:49:49"}
{"level":"info","message":"[Cache Warmer] Booting up cache pre-hydration routine...","timestamp":"2026-03-27 10:49:49"}
{"level":"info","message":"[Cache Warmer] Warming Admin Dashboard Stats...","timestamp":"2026-03-27 10:49:49"}
{"level":"info","message":"[Cache Warmer] Active! Admin Dashboard cached in RAM.","timestamp":"2026-03-27 10:49:56"}
{"level":"info","message":"[Cache Warmer] Warming Master Inventory Matrix...","timestamp":"2026-03-27 10:49:56"}
{"level":"info","message":"[Cache Warmer] Inventory successfully injected into node-RAM.","timestamp":"2026-03-27 10:49:58"}
{"level":"info","message":"[Cache] No REDIS_URL found. Using native Node.js Memory Cache fallback.","timestamp":"2026-03-27 11:54:12"}
{"level":"info","message":"[Worker] No REDIS_URL found. MLM Background Worker not started.","timestamp":"2026-03-27 11:54:12"}
{"level":"info","message":"[Server] Unique Investors API running on http://localhost:5000","timestamp":"2026-03-27 11:54:12"}
{"level":"info","message":"[Cache Warmer] Booting up cache pre-hydration routine...","timestamp":"2026-03-27 11:54:12"}
{"level":"info","message":"[Cache Warmer] Warming Admin Dashboard Stats...","timestamp":"2026-03-27 11:54:12"}
{"level":"info","message":"[Cache Warmer] Active! Admin Dashboard cached in RAM.","timestamp":"2026-03-27 11:54:25"}
{"level":"info","message":"[Cache Warmer] Warming Master Inventory Matrix...","timestamp":"2026-03-27 11:54:25"}
{"level":"info","message":"[Cache Warmer] Inventory successfully injected into node-RAM.","timestamp":"2026-03-27 11:54:29"}
{"level":"info","message":"[Server] SIGINT received. Shutting down gracefully...","timestamp":"2026-03-27 12:07:51"}
{"level":"info","message":"[Server] Database disconnected. Goodbye.","timestamp":"2026-03-27 12:07:51"}
{"level":"info","message":"[Cache] No REDIS_URL found. Using native Node.js Memory Cache fallback.","timestamp":"2026-03-27 12:09:59"}
{"level":"info","message":"[Worker] No REDIS_URL found. MLM Background Worker not started.","timestamp":"2026-03-27 12:09:59"}
{"level":"info","message":"[Server] Unique Investors API running on http://localhost:5000","timestamp":"2026-03-27 12:09:59"}
{"level":"info","message":"[Cache Warmer] Booting up cache pre-hydration routine...","timestamp":"2026-03-27 12:09:59"}
{"level":"info","message":"[Cache Warmer] Warming Admin Dashboard Stats...","timestamp":"2026-03-27 12:09:59"}
{"level":"info","message":"[Cache Warmer] Active! Admin Dashboard cached in RAM.","timestamp":"2026-03-27 12:10:11"}
{"level":"info","message":"[Cache Warmer] Warming Master Inventory Matrix...","timestamp":"2026-03-27 12:10:11"}
{"level":"info","message":"[Cache Warmer] Inventory successfully injected into node-RAM.","timestamp":"2026-03-27 12:10:15"}
{"level":"info","message":"[Server] SIGINT received. Shutting down gracefully...","timestamp":"2026-03-27 12:25:20"}
{"level":"info","message":"[Server] Database disconnected. Goodbye.","timestamp":"2026-03-27 12:25:20"}
{"level":"info","message":"[Cache] No REDIS_URL found. Using native Node.js Memory Cache fallback.","timestamp":"2026-03-27 12:25:25"}
{"level":"info","message":"[Worker] No REDIS_URL found. MLM Background Worker not started.","timestamp":"2026-03-27 12:25:25"}
{"level":"info","message":"[Server] Unique Investors API running on http://localhost:5000","timestamp":"2026-03-27 12:25:25"}
{"level":"info","message":"[Cache Warmer] Booting up cache pre-hydration routine...","timestamp":"2026-03-27 12:25:25"}
{"level":"info","message":"[Cache Warmer] Warming Admin Dashboard Stats...","timestamp":"2026-03-27 12:25:25"}
{"level":"info","message":"[Cache Warmer] Active! Admin Dashboard cached in RAM.","timestamp":"2026-03-27 12:25:39"}
{"level":"info","message":"[Cache Warmer] Warming Master Inventory Matrix...","timestamp":"2026-03-27 12:25:39"}
{"level":"info","message":"[Cache Warmer] Inventory successfully injected into node-RAM.","timestamp":"2026-03-27 12:25:44"}
{"level":"info","message":"[Server] SIGINT received. Shutting down gracefully...","timestamp":"2026-03-27 12:25:53"}
{"level":"info","message":"[Server] Database disconnected. Goodbye.","timestamp":"2026-03-27 12:25:53"}
{"level":"info","message":"[Cache] No REDIS_URL found. Using native Node.js Memory Cache fallback.","timestamp":"2026-03-27 12:28:34"}
{"level":"info","message":"[Worker] No REDIS_URL found. MLM Background Worker not started.","timestamp":"2026-03-27 12:28:34"}
{"level":"info","message":"[Server] Unique Investors API running on http://localhost:5000","timestamp":"2026-03-27 12:28:34"}
{"level":"info","message":"[Cache Warmer] Booting up cache pre-hydration routine...","timestamp":"2026-03-27 12:28:34"}
{"level":"info","message":"[Cache Warmer] Warming Admin Dashboard Stats...","timestamp":"2026-03-27 12:28:34"}
{"level":"info","message":"[Cache Warmer] Active! Admin Dashboard cached in RAM.","timestamp":"2026-03-27 12:28:48"}
{"level":"info","message":"[Cache Warmer] Warming Master Inventory Matrix...","timestamp":"2026-03-27 12:28:48"}
{"level":"info","message":"[Cache Warmer] Inventory successfully injected into node-RAM.","timestamp":"2026-03-27 12:28:52"}
{"level":"info","message":"[Cache] No REDIS_URL found. Using native Node.js Memory Cache fallback.","timestamp":"2026-03-27 12:37:55"}
{"level":"info","message":"[Worker] No REDIS_URL found. MLM Background Worker not started.","timestamp":"2026-03-27 12:37:56"}
{"level":"info","message":"[Server] Unique Investors API running on http://localhost:5000","timestamp":"2026-03-27 12:37:56"}
{"level":"info","message":"[Cache Warmer] Booting up cache pre-hydration routine...","timestamp":"2026-03-27 12:37:56"}
{"level":"info","message":"[Cache Warmer] Warming Admin Dashboard Stats...","timestamp":"2026-03-27 12:37:56"}
{"level":"info","message":"[Cache Warmer] Active! Admin Dashboard cached in RAM.","timestamp":"2026-03-27 12:38:09"}
{"level":"info","message":"[Cache Warmer] Warming Master Inventory Matrix...","timestamp":"2026-03-27 12:38:09"}
{"level":"info","message":"[Cache Warmer] Inventory successfully injected into node-RAM.","timestamp":"2026-03-27 12:38:13"}
{"level":"info","message":"[Cache] No REDIS_URL found. Using native Node.js Memory Cache fallback.","timestamp":"2026-03-27 12:39:19"}
{"level":"info","message":"[Worker] No REDIS_URL found. MLM Background Worker not started.","timestamp":"2026-03-27 12:39:19"}
{"level":"info","message":"[Server] Unique Investors API running on http://localhost:5000","timestamp":"2026-03-27 12:39:19"}
{"level":"info","message":"[Cache Warmer] Booting up cache pre-hydration routine...","timestamp":"2026-03-27 12:39:19"}
{"level":"info","message":"[Cache Warmer] Warming Admin Dashboard Stats...","timestamp":"2026-03-27 12:39:19"}
{"level":"info","message":"[Cache Warmer] Active! Admin Dashboard cached in RAM.","timestamp":"2026-03-27 12:39:32"}
{"level":"info","message":"[Cache Warmer] Warming Master Inventory Matrix...","timestamp":"2026-03-27 12:39:32"}
{"level":"info","message":"[Cache Warmer] Inventory successfully injected into node-RAM.","timestamp":"2026-03-27 12:39:36"}
{"level":"info","message":"[Cache] No REDIS_URL found. Using native Node.js Memory Cache fallback.","timestamp":"2026-03-27 12:40:31"}
{"level":"info","message":"[Worker] No REDIS_URL found. MLM Background Worker not started.","timestamp":"2026-03-27 12:40:31"}
{"level":"info","message":"[Server] Unique Investors API running on http://localhost:5000","timestamp":"2026-03-27 12:40:31"}
{"level":"info","message":"[Cache Warmer] Booting up cache pre-hydration routine...","timestamp":"2026-03-27 12:40:31"}
{"level":"info","message":"[Cache Warmer] Warming Admin Dashboard Stats...","timestamp":"2026-03-27 12:40:31"}
{"level":"info","message":"[Cache Warmer] Active! Admin Dashboard cached in RAM.","timestamp":"2026-03-27 12:40:43"}
{"level":"info","message":"[Cache Warmer] Warming Master Inventory Matrix...","timestamp":"2026-03-27 12:40:43"}
{"level":"info","message":"[Cache Warmer] Inventory successfully injected into node-RAM.","timestamp":"2026-03-27 12:40:47"}
{"level":"info","message":"[Cache] No REDIS_URL found. Using native Node.js Memory Cache fallback.","timestamp":"2026-03-27 12:50:14"}
{"level":"info","message":"[Worker] No REDIS_URL found. MLM Background Worker not started.","timestamp":"2026-03-27 12:50:14"}
{"level":"info","message":"[Server] Unique Investors API running on http://localhost:5000","timestamp":"2026-03-27 12:50:14"}
{"level":"info","message":"[Cache Warmer] Booting up cache pre-hydration routine...","timestamp":"2026-03-27 12:50:14"}
{"level":"info","message":"[Cache Warmer] Warming Admin Dashboard Stats...","timestamp":"2026-03-27 12:50:14"}
{"level":"info","message":"[Cache Warmer] Active! Admin Dashboard cached in RAM.","timestamp":"2026-03-27 12:50:28"}
{"level":"info","message":"[Cache Warmer] Warming Master Inventory Matrix...","timestamp":"2026-03-27 12:50:28"}
{"level":"info","message":"[Cache Warmer] Inventory successfully injected into node-RAM.","timestamp":"2026-03-27 12:50:32"}
{"level":"info","message":"[Server] SIGINT received. Shutting down gracefully...","timestamp":"2026-03-27 12:54:21"}
{"level":"info","message":"[Server] Database disconnected. Goodbye.","timestamp":"2026-03-27 12:54:21"}
{"level":"info","message":"[Cache] No REDIS_URL found. Using native Node.js Memory Cache fallback.","timestamp":"2026-03-27 12:54:26"}
{"level":"info","message":"[Worker] No REDIS_URL found. MLM Background Worker not started.","timestamp":"2026-03-27 12:54:26"}
{"level":"info","message":"[Server] Unique Investors API running on http://localhost:5000","timestamp":"2026-03-27 12:54:26"}
{"level":"info","message":"[Cache Warmer] Booting up cache pre-hydration routine...","timestamp":"2026-03-27 12:54:26"}
{"level":"info","message":"[Cache Warmer] Warming Admin Dashboard Stats...","timestamp":"2026-03-27 12:54:26"}
{"level":"info","message":"[Cache Warmer] Active! Admin Dashboard cached in RAM.","timestamp":"2026-03-27 12:54:39"}
{"level":"info","message":"[Cache Warmer] Warming Master Inventory Matrix...","timestamp":"2026-03-27 12:54:39"}
{"level":"info","message":"[Cache Warmer] Inventory successfully injected into node-RAM.","timestamp":"2026-03-27 12:54:44"}
{"level":"info","message":"[Server] SIGINT received. Shutting down gracefully...","timestamp":"2026-03-27 12:58:47"}
{"level":"info","message":"[Server] Database disconnected. Goodbye.","timestamp":"2026-03-27 12:58:47"}
{"level":"info","message":"[Cache] No REDIS_URL found. Using native Node.js Memory Cache fallback.","timestamp":"2026-03-27 12:58:53"}
{"level":"info","message":"[Worker] No REDIS_URL found. MLM Background Worker not started.","timestamp":"2026-03-27 12:58:53"}
{"level":"info","message":"[Server] Unique Investors API running on http://localhost:5000","timestamp":"2026-03-27 12:58:53"}
{"level":"info","message":"[Cache Warmer] Booting up cache pre-hydration routine...","timestamp":"2026-03-27 12:58:53"}
{"level":"info","message":"[Cache Warmer] Warming Admin Dashboard Stats...","timestamp":"2026-03-27 12:58:53"}
{"level":"info","message":"[Cache Warmer] Active! Admin Dashboard cached in RAM.","timestamp":"2026-03-27 12:59:05"}
{"level":"info","message":"[Cache Warmer] Warming Master Inventory Matrix...","timestamp":"2026-03-27 12:59:05"}
{"level":"info","message":"[Cache Warmer] Inventory successfully injected into node-RAM.","timestamp":"2026-03-27 12:59:09"}
{"level":"info","message":"[Cache] Invalidated 1 local memory keys for pattern: settings:company","timestamp":"2026-03-27 13:05:19"}
{"level":"info","message":"[Cache] No REDIS_URL found. Using native Node.js Memory Cache fallback.","timestamp":"2026-03-27 15:34:25"}
{"level":"info","message":"[Worker] No REDIS_URL found. MLM Background Worker not started.","timestamp":"2026-03-27 15:34:25"}
{"level":"info","message":"[Server] Unique Investors API running on http://localhost:5000","timestamp":"2026-03-27 15:34:25"}
{"level":"info","message":"[Cache Warmer] Booting up cache pre-hydration routine...","timestamp":"2026-03-27 15:34:25"}
{"level":"info","message":"[Cache Warmer] Warming Admin Dashboard Stats...","timestamp":"2026-03-27 15:34:25"}
{"level":"info","message":"[Cache Warmer] Active! Admin Dashboard cached in RAM.","timestamp":"2026-03-27 15:34:37"}
{"level":"info","message":"[Cache Warmer] Warming Master Inventory Matrix...","timestamp":"2026-03-27 15:34:37"}
{"level":"info","message":"[Cache Warmer] Inventory successfully injected into node-RAM.","timestamp":"2026-03-27 15:34:41"}
{"level":"info","message":"[Server] SIGINT received. Shutting down gracefully...","timestamp":"2026-03-27 15:35:08"}
{"level":"info","message":"[Server] Database disconnected. Goodbye.","timestamp":"2026-03-27 15:35:08"}
{"level":"info","message":"[Cache] No REDIS_URL found. Using native Node.js Memory Cache fallback.","timestamp":"2026-03-27 15:37:04"}
{"level":"info","message":"[Worker] No REDIS_URL found. MLM Background Worker not started.","timestamp":"2026-03-27 15:37:04"}
{"level":"info","message":"[Server] Unique Investors API running on http://localhost:5000","timestamp":"2026-03-27 15:37:04"}
{"level":"info","message":"[Cache Warmer] Booting up cache pre-hydration routine...","timestamp":"2026-03-27 15:37:04"}
{"level":"info","message":"[Cache Warmer] Warming Admin Dashboard Stats...","timestamp":"2026-03-27 15:37:04"}
{"level":"info","message":"[Cache] No REDIS_URL found. Using native Node.js Memory Cache fallback.","timestamp":"2026-03-27 15:37:11"}
{"level":"info","message":"[Worker] No REDIS_URL found. MLM Background Worker not started.","timestamp":"2026-03-27 15:37:11"}
{"level":"info","message":"[Server] Unique Investors API running on http://localhost:5000","timestamp":"2026-03-27 15:37:11"}
{"level":"info","message":"[Cache Warmer] Booting up cache pre-hydration routine...","timestamp":"2026-03-27 15:37:11"}
{"level":"info","message":"[Cache Warmer] Warming Admin Dashboard Stats...","timestamp":"2026-03-27 15:37:11"}
{"level":"info","message":"[Cache Warmer] Active! Admin Dashboard cached in RAM.","timestamp":"2026-03-27 15:37:15"}
{"level":"info","message":"[Cache Warmer] Warming Master Inventory Matrix...","timestamp":"2026-03-27 15:37:15"}
{"level":"info","message":"[Server] SIGINT received. Shutting down gracefully...","timestamp":"2026-03-27 15:37:18"}
{"level":"info","message":"[Server] Database disconnected. Goodbye.","timestamp":"2026-03-27 15:37:19"}
{"level":"info","message":"[Cache Warmer] Inventory successfully injected into node-RAM.","timestamp":"2026-03-27 15:37:19"}
{"level":"info","message":"[Server] SIGINT received. Shutting down gracefully...","timestamp":"2026-03-27 16:13:48"}
{"level":"info","message":"[Server] Database disconnected. Goodbye.","timestamp":"2026-03-27 16:13:48"}
{"level":"info","message":"[Cache] No REDIS_URL found. Using native Node.js Memory Cache fallback.","timestamp":"2026-03-27 16:46:21"}
{"level":"info","message":"[Worker] No REDIS_URL found. MLM Background Worker not started.","timestamp":"2026-03-27 16:46:21"}
{"level":"info","message":"[Server] Unique Investors API running on http://localhost:5000","timestamp":"2026-03-27 16:46:21"}
{"level":"info","message":"[Cache Warmer] Booting up cache pre-hydration routine...","timestamp":"2026-03-27 16:46:21"}
{"level":"info","message":"[Cache Warmer] Warming Admin Dashboard Stats...","timestamp":"2026-03-27 16:46:26"}
{"level":"info","message":"[Cache Warmer] Active! Admin Dashboard cached in RAM.","timestamp":"2026-03-27 16:46:34"}
{"level":"info","message":"[Cache Warmer] Warming Master Inventory Matrix...","timestamp":"2026-03-27 16:46:34"}
{"level":"info","message":"[Cache Warmer] Inventory successfully injected into node-RAM.","timestamp":"2026-03-27 16:46:38"}
{"level":"info","message":"[Server] SIGINT received. Shutting down gracefully...","timestamp":"2026-03-27 17:20:57"}
{"level":"info","message":"[Server] Database disconnected. Goodbye.","timestamp":"2026-03-27 17:20:57"}
{"level":"info","message":"[Cache] No REDIS_URL found. Using native Node.js Memory Cache fallback.","timestamp":"2026-03-27 17:21:01"}
{"level":"info","message":"[Worker] No REDIS_URL found. MLM Background Worker not started.","timestamp":"2026-03-27 17:21:01"}
{"level":"info","message":"[Server] Unique Investors API running on http://localhost:5000","timestamp":"2026-03-27 17:21:01"}
{"level":"info","message":"[Cache Warmer] Booting up cache pre-hydration routine...","timestamp":"2026-03-27 17:21:01"}
{"level":"info","message":"[Cache Warmer] Warming Admin Dashboard Stats...","timestamp":"2026-03-27 17:21:05"}
{"level":"info","message":"[Cache Warmer] Active! Admin Dashboard cached in RAM.","timestamp":"2026-03-27 17:21:13"}
{"level":"info","message":"[Cache Warmer] Warming Master Inventory Matrix...","timestamp":"2026-03-27 17:21:13"}
{"level":"info","message":"[Cache Warmer] Inventory successfully injected into node-RAM.","timestamp":"2026-03-27 17:21:17"}
{"level":"info","message":"[Cache] No REDIS_URL found. Using native Node.js Memory Cache fallback.","timestamp":"2026-03-27 17:39:52"}
{"level":"info","message":"[Worker] No REDIS_URL found. MLM Background Worker not started.","timestamp":"2026-03-27 17:39:52"}
{"level":"info","message":"[Server] Unique Investors API running on http://localhost:5000","timestamp":"2026-03-27 17:39:52"}
{"level":"info","message":"[Cache Warmer] Booting up cache pre-hydration routine...","timestamp":"2026-03-27 17:39:52"}
{"level":"info","message":"[Cache Warmer] Warming Admin Dashboard Stats...","timestamp":"2026-03-27 17:39:56"}
{"level":"info","message":"[Cache Warmer] Active! Admin Dashboard cached in RAM.","timestamp":"2026-03-27 17:40:05"}
{"level":"info","message":"[Cache Warmer] Warming Master Inventory Matrix...","timestamp":"2026-03-27 17:40:05"}
{"level":"info","message":"[Cache Warmer] Inventory successfully injected into node-RAM.","timestamp":"2026-03-27 17:40:09"}
{"level":"info","message":"[Cache] No REDIS_URL found. Using native Node.js Memory Cache fallback.","timestamp":"2026-03-28 12:49:20"}
{"level":"info","message":"[Worker] No REDIS_URL found. MLM Background Worker not started.","timestamp":"2026-03-28 12:49:20"}
{"level":"info","message":"[Server] Unique Investors API running on http://localhost:5000","timestamp":"2026-03-28 12:49:20"}
{"level":"info","message":"[Cache Warmer] Booting up cache pre-hydration routine...","timestamp":"2026-03-28 12:49:20"}
{"level":"info","message":"[Cache Warmer] Warming Admin Dashboard Stats...","timestamp":"2026-03-28 12:49:25"}
{"level":"info","message":"[Cache Warmer] Active! Admin Dashboard cached in RAM.","timestamp":"2026-03-28 12:49:34"}
{"level":"info","message":"[Cache Warmer] Warming Master Inventory Matrix...","timestamp":"2026-03-28 12:49:34"}
{"level":"info","message":"[Cache Warmer] Inventory successfully injected into node-RAM.","timestamp":"2026-03-28 12:49:38"}
{"level":"info","message":"[Cache] Invalidated 1 local memory keys for pattern: settings:company","timestamp":"2026-03-28 12:50:24"}
{"level":"info","message":"[Server] SIGINT received. Shutting down gracefully...","timestamp":"2026-03-28 12:51:35"}
{"level":"info","message":"[Server] Database disconnected. Goodbye.","timestamp":"2026-03-28 12:51:35"}
{"level":"info","message":"[Cache] No REDIS_URL found. Using native Node.js Memory Cache fallback.","timestamp":"2026-03-28 13:36:17"}
{"level":"info","message":"[Worker] No REDIS_URL found. MLM Background Worker not started.","timestamp":"2026-03-28 13:36:17"}
{"level":"info","message":"[Server] Unique Investors API running on http://localhost:5000","timestamp":"2026-03-28 13:36:18"}
{"level":"info","message":"[Cache Warmer] Booting up cache pre-hydration routine...","timestamp":"2026-03-28 13:36:18"}
{"level":"info","message":"[Cache Warmer] Warming Admin Dashboard Stats...","timestamp":"2026-03-28 13:36:22"}
{"level":"info","message":"[Cache Warmer] Active! Admin Dashboard cached in RAM.","timestamp":"2026-03-28 13:36:30"}
{"level":"info","message":"[Cache Warmer] Warming Master Inventory Matrix...","timestamp":"2026-03-28 13:36:30"}
{"level":"info","message":"[Cache Warmer] Inventory successfully injected into node-RAM.","timestamp":"2026-03-28 13:36:34"}
{"level":"info","message":"[Server] SIGINT received. Shutting down gracefully...","timestamp":"2026-03-28 13:53:33"}
{"level":"info","message":"[Server] Database disconnected. Goodbye.","timestamp":"2026-03-28 13:53:33"}
{"level":"info","message":"[Cache] No REDIS_URL found. Using native Node.js Memory Cache fallback.","timestamp":"2026-03-28 13:53:39"}
{"level":"info","message":"[Worker] No REDIS_URL found. MLM Background Worker not started.","timestamp":"2026-03-28 13:53:39"}
{"level":"info","message":"[Server] Unique Investors API running on http://localhost:5000","timestamp":"2026-03-28 13:53:39"}
{"level":"info","message":"[Cache Warmer] Booting up cache pre-hydration routine...","timestamp":"2026-03-28 13:53:39"}
{"level":"info","message":"[Cache Warmer] Warming Admin Dashboard Stats...","timestamp":"2026-03-28 13:53:45"}
{"level":"info","message":"[Cache Warmer] Active! Admin Dashboard cached in RAM.","timestamp":"2026-03-28 13:53:53"}
{"level":"info","message":"[Cache Warmer] Warming Master Inventory Matrix...","timestamp":"2026-03-28 13:53:53"}
{"level":"info","message":"[Cache Warmer] Inventory successfully injected into node-RAM.","timestamp":"2026-03-28 13:53:58"}
{"level":"info","message":"[Cache] No REDIS_URL found. Using native Node.js Memory Cache fallback.","timestamp":"2026-03-29 12:31:27"}
{"level":"info","message":"[Worker] No REDIS_URL found. MLM Background Worker not started.","timestamp":"2026-03-29 12:31:27"}
{"level":"info","message":"[Server] Unique Investors API running on http://localhost:5000","timestamp":"2026-03-29 12:31:27"}
{"level":"info","message":"[Cache Warmer] Booting up cache pre-hydration routine...","timestamp":"2026-03-29 12:31:27"}
{"level":"info","message":"[Cache Warmer] Warming Admin Dashboard Stats...","timestamp":"2026-03-29 12:31:31"}
{"level":"info","message":"[Cache Warmer] Active! Admin Dashboard cached in RAM.","timestamp":"2026-03-29 12:31:37"}
{"level":"info","message":"[Cache Warmer] Warming Master Inventory Matrix...","timestamp":"2026-03-29 12:31:37"}
{"level":"info","message":"[Cache Warmer] Inventory successfully injected into node-RAM.","timestamp":"2026-03-29 12:31:40"}
{"level":"info","message":"[Server] SIGINT received. Shutting down gracefully...","timestamp":"2026-03-29 13:19:05"}
{"level":"info","message":"[Server] Database disconnected. Goodbye.","timestamp":"2026-03-29 13:19:05"}
{"level":"info","message":"[Cache] No REDIS_URL found. Using native Node.js Memory Cache fallback.","timestamp":"2026-03-29 13:19:14"}
{"level":"info","message":"[Worker] No REDIS_URL found. MLM Background Worker not started.","timestamp":"2026-03-29 13:19:14"}
{"level":"info","message":"[Server] Unique Investors API running on http://localhost:5000","timestamp":"2026-03-29 13:19:14"}
{"level":"info","message":"[Cache Warmer] Booting up cache pre-hydration routine...","timestamp":"2026-03-29 13:19:14"}
{"level":"info","message":"[Cache Warmer] Warming Admin Dashboard Stats...","timestamp":"2026-03-29 13:19:18"}
{"level":"info","message":"[Cache Warmer] Active! Admin Dashboard cached in RAM.","timestamp":"2026-03-29 13:19:23"}
{"level":"info","message":"[Cache Warmer] Warming Master Inventory Matrix...","timestamp":"2026-03-29 13:19:23"}
{"level":"info","message":"[Cache Warmer] Inventory successfully injected into node-RAM.","timestamp":"2026-03-29 13:19:26"}
{"level":"info","message":"[Notification] Welcome SMS dispatched to 9756769613. API mocked for safety until endpoint strictly defined.","timestamp":"2026-03-29 13:21:08"}
{"level":"info","message":"[Notification] Welcome email successfully sent to shippag@gmail.com","timestamp":"2026-03-29 13:21:12"}
{"level":"info","message":"[Server] SIGINT received. Shutting down gracefully...","timestamp":"2026-03-29 14:55:35"}
{"level":"info","message":"[Server] Database disconnected. Goodbye.","timestamp":"2026-03-29 14:55:35"}
{"level":"info","message":"[Cache] No REDIS_URL found. Using native Node.js Memory Cache fallback.","timestamp":"2026-03-29 14:55:43"}
{"level":"info","message":"[Worker] No REDIS_URL found. MLM Background Worker not started.","timestamp":"2026-03-29 14:55:43"}
{"level":"info","message":"[Server] Unique Investors API running on http://localhost:5000","timestamp":"2026-03-29 14:55:43"}
{"level":"info","message":"[Cache Warmer] Booting up cache pre-hydration routine...","timestamp":"2026-03-29 14:55:43"}
{"level":"info","message":"[Cache Warmer] Warming Admin Dashboard Stats...","timestamp":"2026-03-29 14:55:47"}
{"level":"info","message":"[Cache Warmer] Active! Admin Dashboard cached in RAM.","timestamp":"2026-03-29 14:55:53"}
{"level":"info","message":"[Cache Warmer] Warming Master Inventory Matrix...","timestamp":"2026-03-29 14:55:53"}
{"level":"info","message":"[Cache Warmer] Inventory successfully injected into node-RAM.","timestamp":"2026-03-29 14:55:56"}
{"level":"info","message":"[Notification] Welcome SMS dispatched to 9259498640. API mocked for safety until endpoint strictly defined.","timestamp":"2026-03-29 14:57:46"}
{"level":"info","message":"[Notification] Welcome email successfully sent to gusainshiva1@gmail.com","timestamp":"2026-03-29 14:57:50"}
{"level":"info","message":"[Notification] Welcome SMS dispatched to 7535859732. API mocked for safety until endpoint strictly defined.","timestamp":"2026-03-29 15:01:00"}
{"level":"info","message":"[Notification] Welcome email successfully sent to shivamsharma@gmail.com","timestamp":"2026-03-29 15:01:24"}
{"level":"info","message":"[Server] SIGINT received. Shutting down gracefully...","timestamp":"2026-03-29 15:04:32"}
{"level":"info","message":"[Server] Database disconnected. Goodbye.","timestamp":"2026-03-29 15:04:32"}
{"level":"info","message":"[Cache] No REDIS_URL found. Using native Node.js Memory Cache fallback.","timestamp":"2026-03-29 15:04:38"}
{"level":"info","message":"[Worker] No REDIS_URL found. MLM Background Worker not started.","timestamp":"2026-03-29 15:04:38"}
{"level":"info","message":"[Server] Unique Investors API running on http://localhost:5000","timestamp":"2026-03-29 15:04:38"}
{"level":"info","message":"[Cache Warmer] Booting up cache pre-hydration routine...","timestamp":"2026-03-29 15:04:38"}
{"level":"info","message":"[Cache Warmer] Warming Admin Dashboard Stats...","timestamp":"2026-03-29 15:04:41"}
{"level":"info","message":"[Cache Warmer] Active! Admin Dashboard cached in RAM.","timestamp":"2026-03-29 15:04:47"}
{"level":"info","message":"[Cache Warmer] Warming Master Inventory Matrix...","timestamp":"2026-03-29 15:04:47"}
{"level":"info","message":"[Cache Warmer] Inventory successfully injected into node-RAM.","timestamp":"2026-03-29 15:04:50"}
{"level":"info","message":"[Cache] No REDIS_URL found. Using native Node.js Memory Cache fallback.","timestamp":"2026-03-30 14:27:04"}
{"level":"info","message":"[Worker] No REDIS_URL found. MLM Background Worker not started.","timestamp":"2026-03-30 14:27:04"}
{"level":"info","message":"[Server] Unique Investors API running on http://localhost:5000","timestamp":"2026-03-30 14:27:04"}
{"level":"info","message":"[Cache Warmer] Booting up cache pre-hydration routine...","timestamp":"2026-03-30 14:27:04"}
{"level":"info","message":"[Cache Warmer] Warming Admin Dashboard Stats...","timestamp":"2026-03-30 14:27:09"}
{"level":"info","message":"[Cache Warmer] Active! Admin Dashboard cached in RAM.","timestamp":"2026-03-30 14:27:18"}
{"level":"info","message":"[Cache Warmer] Warming Master Inventory Matrix...","timestamp":"2026-03-30 14:27:18"}
{"level":"info","message":"[Cache Warmer] Inventory successfully injected into node-RAM.","timestamp":"2026-03-30 14:27:22"}
